

Version:	3.14
CmdLine:	C:\Projects\danfischer.github.io\files\Snakegame.exe --l4j-debug
WOW64:		yes
Create mutex:	d
Working dir:	C:\Projects\danfischer.github.io\files\.
Java min ver:	1.017.000
Java max ver:	
64-bit search:	SOFTWARE\JavaSoft\Java Runtime Environment...
Check:		SOFTWARE\JavaSoft\Java Runtime Environment\1.8
Ignore:		1.008.000
Check:		SOFTWARE\JavaSoft\Java Runtime Environment\1.8.0_321
Ignore:		1.008.000_321
32-bit search:	SOFTWARE\JavaSoft\Java Runtime Environment...
64-bit search:	SOFTWARE\JavaSoft\Java Development Kit...
32-bit search:	SOFTWARE\JavaSoft\Java Development Kit...
64-bit search:	SOFTWARE\JavaSoft\JRE...
32-bit search:	SOFTWARE\JavaSoft\JRE...
64-bit search:	SOFTWARE\JavaSoft\JDK...
32-bit search:	SOFTWARE\JavaSoft\JDK...
64-bit search:	SOFTWARE\IBM\Java Runtime Environment...
32-bit search:	SOFTWARE\IBM\Java Runtime Environment...
64-bit search:	SOFTWARE\IBM\Java Development Kit...
32-bit search:	SOFTWARE\IBM\Java Development Kit...
64-bit search:	SOFTWARE\IBM\Java2 Runtime Environment...
32-bit search:	SOFTWARE\IBM\Java2 Runtime Environment...
64-bit search:	SOFTWARE\IBM\Java Development Kit...
32-bit search:	SOFTWARE\IBM\Java Development Kit...
Error msg:	This application requires a Java Runtime Environment 17
Open URL:	http://java.com/download


Version:	3.14
CmdLine:	C:\Projects\danfischer.github.io\files\Snakegame.exe --l4j-debug
WOW64:		yes
Create mutex:	d
Working dir:	C:\Projects\danfischer.github.io\files\.
Java min ver:	1.000.000
Java max ver:	
64-bit search:	SOFTWARE\JavaSoft\Java Runtime Environment...
Check:		SOFTWARE\JavaSoft\Java Runtime Environment\1.8
Check launcher:	C:\Programs\Java\bin\javaw.exe (OK)
Match:		1.008.000
Check:		SOFTWARE\JavaSoft\Java Runtime Environment\1.8.0_321
Check launcher:	C:\Programs\Java\bin\javaw.exe (OK)
Match:		1.008.000_321
64-bit search:	SOFTWARE\JavaSoft\Java Development Kit...
64-bit search:	SOFTWARE\JavaSoft\JRE...
64-bit search:	SOFTWARE\JavaSoft\JDK...
Runtime used:	1.008.000_321 (64-bit)
Main class:	org.eclipse.jdt.internal.jarinjarloader.JarRsrcLoader
Add classpath:	.
Launcher:	C:\Programs\Java\bin\javaw.exe
Launcher args:	-classpath "C:\Projects\danfischer.github.io\files\Snakegame.exe;." org.eclipse.jdt.internal.jarinjarloader.JarRsrcLoader
Args length:	121/32768 chars
Exit code:	0


Version:	3.14
CmdLine:	C:\Projects\danfischer.github.io\files\Snakegame.exe --l4j-debug
WOW64:		yes
Create mutex:	d
Working dir:	C:\Projects\danfischer.github.io\files\.
Java min ver:	1.008.000
Java max ver:	
64-bit search:	SOFTWARE\JavaSoft\Java Runtime Environment...
Check:		SOFTWARE\JavaSoft\Java Runtime Environment\1.8
Check launcher:	C:\Programs\Java\bin\javaw.exe (OK)
Match:		1.008.000
Check:		SOFTWARE\JavaSoft\Java Runtime Environment\1.8.0_321
Check launcher:	C:\Programs\Java\bin\javaw.exe (OK)
Match:		1.008.000_321
64-bit search:	SOFTWARE\JavaSoft\Java Development Kit...
64-bit search:	SOFTWARE\JavaSoft\JRE...
64-bit search:	SOFTWARE\JavaSoft\JDK...
Runtime used:	1.008.000_321 (64-bit)
Main class:	org.eclipse.jdt.internal.jarinjarloader.JarRsrcLoader
Add classpath:	.
Launcher:	C:\Programs\Java\bin\javaw.exe
Launcher args:	-classpath "C:\Projects\danfischer.github.io\files\Snakegame.exe;." org.eclipse.jdt.internal.jarinjarloader.JarRsrcLoader
Args length:	121/32768 chars
Exit code:	0


Version:	3.14
CmdLine:	C:\Projects\danfischer.github.io\files\Snakegame.exe --l4j-debug
WOW64:		yes
Create mutex:	d
Working dir:	C:\Projects\danfischer.github.io\files\.
Java min ver:	1.009.000
Java max ver:	
64-bit search:	SOFTWARE\JavaSoft\Java Runtime Environment...
Check:		SOFTWARE\JavaSoft\Java Runtime Environment\1.8
Ignore:		1.008.000
Check:		SOFTWARE\JavaSoft\Java Runtime Environment\1.8.0_321
Ignore:		1.008.000_321
32-bit search:	SOFTWARE\JavaSoft\Java Runtime Environment...
64-bit search:	SOFTWARE\JavaSoft\Java Development Kit...
32-bit search:	SOFTWARE\JavaSoft\Java Development Kit...
64-bit search:	SOFTWARE\JavaSoft\JRE...
32-bit search:	SOFTWARE\JavaSoft\JRE...
64-bit search:	SOFTWARE\JavaSoft\JDK...
32-bit search:	SOFTWARE\JavaSoft\JDK...
64-bit search:	SOFTWARE\IBM\Java Runtime Environment...
32-bit search:	SOFTWARE\IBM\Java Runtime Environment...
64-bit search:	SOFTWARE\IBM\Java Development Kit...
32-bit search:	SOFTWARE\IBM\Java Development Kit...
64-bit search:	SOFTWARE\IBM\Java2 Runtime Environment...
32-bit search:	SOFTWARE\IBM\Java2 Runtime Environment...
64-bit search:	SOFTWARE\IBM\Java Development Kit...
32-bit search:	SOFTWARE\IBM\Java Development Kit...
Error msg:	This application requires a Java Runtime Environment 9
Open URL:	http://java.com/download


Version:	3.14
CmdLine:	C:\Projects\danfischer.github.io\files\Snakegame.exe --l4j-debug
WOW64:		yes
Create mutex:	d
Working dir:	C:\Projects\danfischer.github.io\files\.
Java min ver:	1.009.000
Java max ver:	
64-bit search:	SOFTWARE\JavaSoft\Java Runtime Environment...
Check:		SOFTWARE\JavaSoft\Java Runtime Environment\1.8
Ignore:		1.008.000
Check:		SOFTWARE\JavaSoft\Java Runtime Environment\1.8.0_321
Ignore:		1.008.000_321
32-bit search:	SOFTWARE\JavaSoft\Java Runtime Environment...
64-bit search:	SOFTWARE\JavaSoft\Java Development Kit...
32-bit search:	SOFTWARE\JavaSoft\Java Development Kit...
64-bit search:	SOFTWARE\JavaSoft\JRE...
32-bit search:	SOFTWARE\JavaSoft\JRE...
64-bit search:	SOFTWARE\JavaSoft\JDK...
32-bit search:	SOFTWARE\JavaSoft\JDK...
64-bit search:	SOFTWARE\IBM\Java Runtime Environment...
32-bit search:	SOFTWARE\IBM\Java Runtime Environment...
64-bit search:	SOFTWARE\IBM\Java Development Kit...
32-bit search:	SOFTWARE\IBM\Java Development Kit...
64-bit search:	SOFTWARE\IBM\Java2 Runtime Environment...
32-bit search:	SOFTWARE\IBM\Java2 Runtime Environment...
64-bit search:	SOFTWARE\IBM\Java Development Kit...
32-bit search:	SOFTWARE\IBM\Java Development Kit...
Error msg:	This application requires a Java Runtime Environment 9
Open URL:	http://java.com/download


Version:	3.14
CmdLine:	C:\Projects\danfischer.github.io\files\Snakegame.exe --l4j-debug
WOW64:		yes
Create mutex:	d
Working dir:	C:\Projects\danfischer.github.io\files\.
Java min ver:	1.008.000
Java max ver:	
64-bit search:	SOFTWARE\JavaSoft\Java Runtime Environment...
Check:		SOFTWARE\JavaSoft\Java Runtime Environment\1.8
Check launcher:	C:\Programs\Java\bin\javaw.exe (OK)
Match:		1.008.000
Check:		SOFTWARE\JavaSoft\Java Runtime Environment\1.8.0_321
Check launcher:	C:\Programs\Java\bin\javaw.exe (OK)
Match:		1.008.000_321
64-bit search:	SOFTWARE\JavaSoft\Java Development Kit...
64-bit search:	SOFTWARE\JavaSoft\JRE...
64-bit search:	SOFTWARE\JavaSoft\JDK...
Runtime used:	1.008.000_321 (64-bit)
Main class:	org.eclipse.jdt.internal.jarinjarloader.JarRsrcLoader
Add classpath:	.
Launcher:	C:\Programs\Java\bin\javaw.exe
Launcher args:	-classpath "C:\Projects\danfischer.github.io\files\Snakegame.exe;." org.eclipse.jdt.internal.jarinjarloader.JarRsrcLoader
Args length:	121/32768 chars
Exit code:	0
